TN:
SF:src/app.js
FN:20,Converter
FN:37,splitLines
FN:45,constructAgoraBlock
FN:85,constructAgoraHeader
FN:94,convert
FNF:5
FNH:5
FNDA:7,Converter
FNDA:3,splitLines
FNDA:2,constructAgoraBlock
FNDA:2,constructAgoraHeader
FNDA:1,convert
DA:1,1
DA:2,1
DA:3,1
DA:4,1
DA:5,1
DA:6,1
DA:7,1
DA:8,1
DA:9,1
DA:10,1
DA:11,1
DA:12,1
DA:13,1
DA:14,1
DA:15,1
DA:16,1
DA:17,1
DA:18,1
DA:19,1
DA:20,1
DA:21,7
DA:22,7
DA:23,7
DA:24,7
DA:25,1
DA:26,1
DA:27,1
DA:28,1
DA:29,1
DA:30,1
DA:31,1
DA:32,1
DA:33,1
DA:34,7
DA:35,1
DA:36,1
DA:37,1
DA:38,3
DA:39,3
DA:40,3
DA:41,1
DA:42,1
DA:43,3
DA:44,1
DA:45,1
DA:46,2
DA:47,2
DA:48,2
DA:49,2
DA:50,10
DA:51,10
DA:52,8
DA:53,8
DA:54,8
DA:55,8
DA:56,8
DA:57,8
DA:58,8
DA:59,8
DA:60,8
DA:61,8
DA:62,8
DA:63,8
DA:64,8
DA:65,8
DA:66,8
DA:67,8
DA:68,8
DA:69,8
DA:70,8
DA:71,8
DA:72,8
DA:73,8
DA:74,8
DA:75,8
DA:76,8
DA:77,8
DA:78,10
DA:79,0
DA:80,0
DA:81,10
DA:82,2
DA:83,2
DA:84,1
DA:85,1
DA:86,2
DA:87,2
DA:88,2
DA:89,2
DA:90,2
DA:91,2
DA:92,2
DA:93,1
DA:94,1
DA:95,1
DA:96,1
DA:97,1
DA:98,1
DA:99,4
DA:100,4
DA:101,1
DA:102,1
DA:103,0
DA:104,0
DA:105,1
DA:106,1
LF:106
LH:102
BRDA:20,0,0,7
BRDA:24,1,0,6
BRDA:24,2,0,1
BRDA:37,3,0,3
BRDA:40,4,0,1
BRDA:45,5,0,2
BRDA:49,6,0,10
BRDA:51,7,0,2
BRDA:51,8,0,8
BRDA:78,9,0,0
BRDA:85,10,0,2
BRDA:94,11,0,1
BRDA:102,12,0,0
BRDA:98,13,0,4
BRF:14
BRH:12
end_of_record
TN:
SF:src/core/downloader.js
FN:7,Downloader
FN:15,createAxiosInstance
FN:18,getFile
FNF:3
FNH:3
FNDA:9,Downloader
FNDA:8,createAxiosInstance
FNDA:4,getFile
DA:1,1
DA:2,1
DA:3,1
DA:4,1
DA:5,1
DA:6,1
DA:7,1
DA:8,9
DA:9,1
DA:10,1
DA:11,1
DA:12,1
DA:13,1
DA:14,9
DA:15,1
DA:16,8
DA:17,8
DA:18,1
DA:19,4
DA:20,4
DA:21,0
DA:22,4
DA:23,4
DA:24,1
LF:24
LH:23
BRDA:7,0,0,9
BRDA:8,1,0,8
BRDA:8,2,0,1
BRDA:15,3,0,8
BRDA:18,4,0,4
BRDA:20,5,0,0
BRF:6
BRH:5
end_of_record
TN:
SF:src/core/writer.js
FN:8,Writer
FN:16,createFile
FNF:2
FNH:2
FNDA:9,Writer
FNDA:3,createFile
DA:1,1
DA:2,1
DA:3,1
DA:4,1
DA:5,1
DA:6,1
DA:7,1
DA:8,1
DA:9,9
DA:10,1
DA:11,1
DA:12,1
DA:13,1
DA:14,1
DA:15,9
DA:16,1
DA:17,3
DA:18,3
DA:19,1
LF:19
LH:19
BRDA:8,0,0,9
BRDA:9,1,0,8
BRDA:9,2,0,1
BRDA:16,3,0,3
BRF:4
BRH:4
end_of_record
TN:
SF:src/utilities/enumerations.js
FNF:0
FNH:0
DA:1,1
DA:2,1
DA:3,1
DA:4,1
DA:5,1
DA:6,1
DA:7,1
DA:8,1
DA:9,1
DA:10,1
DA:11,1
DA:12,1
DA:13,1
DA:14,1
DA:15,1
DA:16,1
DA:17,1
LF:17
LH:17
BRF:0
BRH:0
end_of_record
TN:
SF:src/utilities/error-handler.js
FN:1,errorHandler
FNF:1
FNH:1
FNDA:4,errorHandler
DA:1,1
DA:2,4
DA:3,4
LF:3
LH:3
BRDA:1,0,0,4
BRF:1
BRH:1
end_of_record
